Build started 23.7.2016 14:26:54.
     1>Project "C:\Users\user\Desktop\Neural-Networks\c++\test_simulation\test_simulation.vcxproj" on node 2 (rebuild target(s)).
     1>_PrepareForClean:
         Deleting file "Release\test_simulation.lastbuildstate".
       InitializeBuildStatus:
         Touching "Release\test_simulation.unsuccessfulbuild".
       ClCompile:
         D:\Program Files\Microsoft Visual Studio 10.0\VC\bin\CL.exe /c /Zi /nologo /W3 /WX- /O2 /Oi /Oy- /GL /D WIN32 /D NDEBUG /D _WINDOWS /D _UNICODE /D UNICODE /Gm- /EHsc /MD /GS /Gy /fp:precise /Zc:wchar_t /Zc:forScope /Yc"StdAfx.h" /Fp"Release\test_simulation.pch" /Fo"Release\\" /Fd"Release\vc100.pdb" /Gd /TP /analyze- /errorReport:prompt stdafx.cpp
         stdafx.cpp
         D:\Program Files\Microsoft Visual Studio 10.0\VC\bin\CL.exe /c /Zi /nologo /W3 /WX- /O2 /Oi /Oy- /GL /D WIN32 /D NDEBUG /D _WINDOWS /D _UNICODE /D UNICODE /Gm- /EHsc /MD /GS /Gy /fp:precise /Zc:wchar_t /Zc:forScope /Fo"Release\\" /Fd"Release\vc100.pdb" /Gd /TP /analyze- /errorReport:prompt ..\code\member.cpp ..\code\network.cpp ..\code\neuron.cpp ..\code\output_node.cpp ..\code\population.cpp ..\code\rand_gen.cpp C2DMatrix.cpp CController.cpp CMinesweeper.cpp CParams.cpp CTimer.cpp CSweeperPopulation.cpp test_simulation.cpp utils.cpp
         member.cpp
         network.cpp
         neuron.cpp
         output_node.cpp
         population.cpp
         rand_gen.cpp
         C2DMatrix.cpp
         CController.cpp
     1>CController.cpp(59): warning C4018: '<' : signed/unsigned mismatch
     1>CController.cpp(131): error C2597: illegal reference to non-static member 'CParams::iNumTicks'
     1>CController.cpp(131): error C3867: 'CParams::iNumTicks': function call missing argument list; use '&CParams::iNumTicks' to create a pointer to member
     1>CController.cpp(131): error C2568: '<' : unable to resolve function overload
                 unable to recover from previous error(s); stopping compilation
         CMinesweeper.cpp
         CParams.cpp
         CTimer.cpp
         CSweeperPopulation.cpp
     1>CSweeperPopulation.cpp(27): error C2440: 'static_cast' : cannot convert from 'neural_networks::member' to 'CMineSweeper'
                 No constructor could take the source type, or constructor overload resolution was ambiguous
     1>CSweeperPopulation.cpp(27): error C2512: 'CMineSweeper' : no appropriate default constructor available
         test_simulation.cpp
     1>test_simulation.cpp(161): error C2664: 'CController::CController(const CController &)' : cannot convert parameter 1 from 'HWND' to 'const CController &'
                 Reason: cannot convert from 'HWND' to 'const CController'
                 No constructor could take the source type, or constructor overload resolution was ambiguous
     1>test_simulation.cpp(218): error C2664: 'CController::CController(const CController &)' : cannot convert parameter 1 from 'HWND' to 'const CController &'
                 Reason: cannot convert from 'HWND' to 'const CController'
                 No constructor could take the source type, or constructor overload resolution was ambiguous
         utils.cpp
     1>Done Building Project "C:\Users\user\Desktop\Neural-Networks\c++\test_simulation\test_simulation.vcxproj" (rebuild target(s)) -- FAILED.

Build FAILED.

Time Elapsed 00:00:28.93
